<?xml version="1.0" encoding="UTF-8"?>
<!-- Generated by org.testng.reporters.JUnitReportReporter -->
<testsuite hostname="DESKTOP-CP8B26T" name="ContactUsPageTest" tests="8" failures="0" timestamp="10 Aug 2019 14:15:58 GMT" time="58.868" errors="0">
  <testcase name="enterURL" time="7.294" classname="ContactUsPageTest"/>
  <testcase name="enterPhone" time="36.874" classname="ContactUsPageTest"/>
  <testcase name="enterRandomEmail" time="0.172" classname="ContactUsPageTest"/>
  <testcase name="verifyContactUsPageLoads" time="0.010" classname="ContactUsPageTest"/>
  <testcase name="enterRandomFirstName" time="0.113" classname="ContactUsPageTest"/>
  <testcase name="enterReason" time="5.129" classname="ContactUsPageTest"/>
  <testcase name="enterCompanyName" time="9.176" classname="ContactUsPageTest"/>
  <testcase name="enterRandomLastName" time="0.100" classname="ContactUsPageTest"/>
</testsuite> <!-- ContactUsPageTest -->
