<?xml version="1.0" encoding="UTF-8"?>
<!-- Generated by org.testng.reporters.JUnitReportReporter -->
<testsuite hostname="DESKTOP-CP8B26T" name="runner.TestRunner" tests="1" failures="0" timestamp="11 Aug 2019 10:14:49 GMT" time="56.407" errors="0">
  <testcase name="runScenario" time="56.407" classname="runner.TestRunner"/>
</testsuite> <!-- runner.TestRunner -->
