<?xml version="1.0" encoding="UTF-8"?>
<!-- Generated by org.testng.reporters.JUnitReportReporter -->
<testsuite hostname="DESKTOP-CP8B26T" name="runner.TestRunner" tests="1" failures="0" timestamp="11 Aug 2019 11:14:12 GMT" time="45.214" errors="0">
  <testcase name="runScenario" time="45.214" classname="runner.TestRunner"/>
</testsuite> <!-- runner.TestRunner -->
